Traceback (most recent call last):
  File "/Users/jguillette/Library/Caches/pypoetry/virtualenvs/python-web-scraping-workshop-nQZGi0iI-py3.9/lib/python3.9/site-packages/jupyter_cache/executors/utils.py", line 51, in single_nb_execution
    executenb(
  File "/Users/jguillette/Library/Caches/pypoetry/virtualenvs/python-web-scraping-workshop-nQZGi0iI-py3.9/lib/python3.9/site-packages/nbclient/client.py", line 1204, in execute
    return NotebookClient(nb=nb, resources=resources, km=km, **kwargs).execute()
  File "/Users/jguillette/Library/Caches/pypoetry/virtualenvs/python-web-scraping-workshop-nQZGi0iI-py3.9/lib/python3.9/site-packages/nbclient/util.py", line 84, in wrapped
    return just_run(coro(*args, **kwargs))
  File "/Users/jguillette/Library/Caches/pypoetry/virtualenvs/python-web-scraping-workshop-nQZGi0iI-py3.9/lib/python3.9/site-packages/nbclient/util.py", line 62, in just_run
    return loop.run_until_complete(coro)
  File "/usr/local/Cellar/python@3.9/3.9.10/Frameworks/Python.framework/Versions/3.9/lib/python3.9/asyncio/base_events.py", line 642, in run_until_complete
    return future.result()
  File "/Users/jguillette/Library/Caches/pypoetry/virtualenvs/python-web-scraping-workshop-nQZGi0iI-py3.9/lib/python3.9/site-packages/nbclient/client.py", line 663, in async_execute
    await self.async_execute_cell(
  File "/Users/jguillette/Library/Caches/pypoetry/virtualenvs/python-web-scraping-workshop-nQZGi0iI-py3.9/lib/python3.9/site-packages/nbclient/client.py", line 965, in async_execute_cell
    await self._check_raise_for_error(cell, cell_index, exec_reply)
  File "/Users/jguillette/Library/Caches/pypoetry/virtualenvs/python-web-scraping-workshop-nQZGi0iI-py3.9/lib/python3.9/site-packages/nbclient/client.py", line 862, in _check_raise_for_error
    raise CellExecutionError.from_cell_and_msg(cell, exec_reply_content)
nbclient.exceptions.CellExecutionError: An error occurred while executing the following cell:
------------------
scrape_creature_page(f'https://en.wikipedia.org{listPageLinks[2]}')
------------------

[0;31m---------------------------------------------------------------------------[0m
[0;31mIndexError[0m                                Traceback (most recent call last)
Input [0;32mIn [26][0m, in [0;36m<cell line: 1>[0;34m()[0m
[0;32m----> 1[0m [43mscrape_creature_page[49m[43m([49m[38;5;124;43mf[39;49m[38;5;124;43m'[39;49m[38;5;124;43mhttps://en.wikipedia.org[39;49m[38;5;132;43;01m{[39;49;00m[43mlistPageLinks[49m[43m[[49m[38;5;241;43m2[39;49m[43m][49m[38;5;132;43;01m}[39;49;00m[38;5;124;43m'[39;49m[43m)[49m

Input [0;32mIn [25][0m, in [0;36mscrape_creature_page[0;34m(url)[0m
[1;32m      3[0m soup [38;5;241m=[39m BeautifulSoup(R[38;5;241m.[39mtext, [38;5;124m'[39m[38;5;124mhtml.parser[39m[38;5;124m'[39m)
[1;32m      4[0m creatureList [38;5;241m=[39m soup[38;5;241m.[39mfind_all([38;5;124m'[39m[38;5;124mul[39m[38;5;124m'[39m)[[38;5;241m1[39m]
[0;32m----> 5[0m creatures [38;5;241m=[39m [parse_creature(creature) [38;5;28;01mfor[39;00m creature [38;5;129;01min[39;00m creatureList[38;5;241m.[39mfind_all([38;5;124m'[39m[38;5;124mli[39m[38;5;124m'[39m)]
[1;32m      6[0m [38;5;28;01mreturn[39;00m creatures

Input [0;32mIn [25][0m, in [0;36m<listcomp>[0;34m(.0)[0m
[1;32m      3[0m soup [38;5;241m=[39m BeautifulSoup(R[38;5;241m.[39mtext, [38;5;124m'[39m[38;5;124mhtml.parser[39m[38;5;124m'[39m)
[1;32m      4[0m creatureList [38;5;241m=[39m soup[38;5;241m.[39mfind_all([38;5;124m'[39m[38;5;124mul[39m[38;5;124m'[39m)[[38;5;241m1[39m]
[0;32m----> 5[0m creatures [38;5;241m=[39m [[43mparse_creature[49m[43m([49m[43mcreature[49m[43m)[49m [38;5;28;01mfor[39;00m creature [38;5;129;01min[39;00m creatureList[38;5;241m.[39mfind_all([38;5;124m'[39m[38;5;124mli[39m[38;5;124m'[39m)]
[1;32m      6[0m [38;5;28;01mreturn[39;00m creatures

Input [0;32mIn [20][0m, in [0;36mparse_creature[0;34m(creature)[0m
[1;32m      2[0m name [38;5;241m=[39m creature[38;5;241m.[39mfind([38;5;124m'[39m[38;5;124ma[39m[38;5;124m'[39m)[38;5;241m.[39mtext
[1;32m      3[0m pageLink [38;5;241m=[39m creature[38;5;241m.[39mfind([38;5;124m'[39m[38;5;124ma[39m[38;5;124m'[39m)[[38;5;124m'[39m[38;5;124mhref[39m[38;5;124m'[39m]
[0;32m----> 4[0m origin [38;5;241m=[39m [43mre[49m[38;5;241;43m.[39;49m[43mfindall[49m[43m([49m[38;5;124;43mr[39;49m[38;5;124;43m"[39;49m[38;5;124;43m\[39;49m[38;5;124;43m((.*)[39;49m[38;5;124;43m\[39;49m[38;5;124;43m)[39;49m[38;5;124;43m"[39;49m[43m,[49m[43m [49m[43mcreature[49m[38;5;241;43m.[39;49m[38;5;21;43m__str__[39;49m[43m([49m[43m)[49m[43m)[49m[43m[[49m[38;5;241;43m0[39;49m[43m][49m
[1;32m      5[0m originSoup [38;5;241m=[39m BeautifulSoup(origin)
[1;32m      6[0m originNames [38;5;241m=[39m [a[38;5;241m.[39mtext [38;5;28;01mfor[39;00m a [38;5;129;01min[39;00m originSoup[38;5;241m.[39mfind_all([38;5;124m'[39m[38;5;124ma[39m[38;5;124m'[39m)]

[0;31mIndexError[0m: list index out of range
IndexError: list index out of range

